<?xml version="1.0" encoding="utf-8"?><testsuites><testsuite name="pytest" errors="0" failures="0" skipped="0" tests="12" time="0.070" timestamp="2023-06-27T18:59:50.916871" hostname="patricia-Inspiron-5567"><testcase classname="tests.test_task_entity.TestTask" name="test_title_string" time="0.002" /><testcase classname="tests.test_task_entity.TestTask" name="test_title_empty" time="0.001" /><testcase classname="tests.test_task_entity.TestTask" name="test_title_blank" time="0.001" /><testcase classname="tests.test_task_entity.TestTask" name="test_description_string" time="0.001" /><testcase classname="tests.test_task_entity.TestTask" name="test_description_empty" time="0.001" /><testcase classname="tests.test_task_entity.TestTask" name="test_description_blank" time="0.002" /><testcase classname="tests.test_task_entity.TestTask" name="test_listId_uuid" time="0.001" /><testcase classname="tests.test_task_entity.TestTask" name="test_listId_empty" time="0.001" /><testcase classname="tests.test_task_entity.TestTask" name="test_listId_blank" time="0.001" /><testcase classname="tests.test_task_entity.TestTask" name="test_data_string" time="0.001" /><testcase classname="tests.test_task_entity.TestTask" name="test_data_empty" time="0.001" /><testcase classname="tests.test_task_entity.TestTask" name="test_data_blank" time="0.001" /></testsuite></testsuites>